生成启动时间为 2015/6/11 10:52:35。
     1>项目“E:\fyreactor\vsbuild\fyreactor\fyreactor\fyreactor.vcxproj”在节点 2 上(Build 个目标)。
     1>ClCompile:
         C:\Program Files (x86)\Microsoft Visual Studio 12.0\VC\bin\CL.exe /c /IE:\fyreactor\vsbuild\fyreactor\fyreactor\..\..\..\include\ /ZI /nologo /W3 /WX- /sdl /Od /Oy- /D _MBCS /Gm /EHsc /RTC1 /MDd /GS /fp:precise /Zc:wchar_t /Zc:forScope /Fo"Debug\\" /Fd"Debug\vc120.pdb" /Gd /TP /analyze- /errorReport:prompt ..\..\..\src\net\reactorgroup.cpp ..\..\..\src\net\reactor_epoll.cpp ..\..\..\src\net\tcpclient.cpp ..\..\..\src\net\tcpserver.cpp ..\..\..\src\util\buffer.cpp ..\..\..\src\util\logger.cpp ..\..\..\src\util\timer.cpp ..\..\..\src\xml\xml.cpp ..\..\..\src\xml\xml_attribute.cpp ..\..\..\src\xml\xml_comment.cpp ..\..\..\src\xml\xml_declaration.cpp ..\..\..\src\xml\xml_document.cpp ..\..\..\src\xml\xml_element.cpp ..\..\..\src\xml\xml_node.cpp ..\..\..\src\xml\xml_printer.cpp ..\..\..\src\xml\xml_text.cpp ..\..\..\src\xml\xml_unknown.cpp ..\..\..\src\xml\xml_util.cpp
         xml_util.cpp
     1>e:\fyreactor\include\xml\define.hpp : warning C4819: 该文件包含不能在当前代码页(936)中表示的字符。请将该文件保存为 Unicode 格式以防止数据丢失
     1>e:\fyreactor\include\define.hpp : warning C4819: 该文件包含不能在当前代码页(936)中表示的字符。请将该文件保存为 Unicode 格式以防止数据丢失
         xml_unknown.cpp
     1>e:\fyreactor\include\xml\define.hpp : warning C4819: 该文件包含不能在当前代码页(936)中表示的字符。请将该文件保存为 Unicode 格式以防止数据丢失
     1>e:\fyreactor\include\define.hpp : warning C4819: 该文件包含不能在当前代码页(936)中表示的字符。请将该文件保存为 Unicode 格式以防止数据丢失
         xml_text.cpp
     1>e:\fyreactor\include\xml\define.hpp : warning C4819: 该文件包含不能在当前代码页(936)中表示的字符。请将该文件保存为 Unicode 格式以防止数据丢失
     1>e:\fyreactor\include\define.hpp : warning C4819: 该文件包含不能在当前代码页(936)中表示的字符。请将该文件保存为 Unicode 格式以防止数据丢失
         xml_printer.cpp
     1>e:\fyreactor\include\xml\define.hpp : warning C4819: 该文件包含不能在当前代码页(936)中表示的字符。请将该文件保存为 Unicode 格式以防止数据丢失
     1>e:\fyreactor\include\define.hpp : warning C4819: 该文件包含不能在当前代码页(936)中表示的字符。请将该文件保存为 Unicode 格式以防止数据丢失
         xml_node.cpp
     1>e:\fyreactor\include\xml\define.hpp : warning C4819: 该文件包含不能在当前代码页(936)中表示的字符。请将该文件保存为 Unicode 格式以防止数据丢失
     1>e:\fyreactor\include\define.hpp : warning C4819: 该文件包含不能在当前代码页(936)中表示的字符。请将该文件保存为 Unicode 格式以防止数据丢失
         xml_element.cpp
     1>e:\fyreactor\include\xml\define.hpp : warning C4819: 该文件包含不能在当前代码页(936)中表示的字符。请将该文件保存为 Unicode 格式以防止数据丢失
     1>e:\fyreactor\include\define.hpp : warning C4819: 该文件包含不能在当前代码页(936)中表示的字符。请将该文件保存为 Unicode 格式以防止数据丢失
         xml_document.cpp
     1>e:\fyreactor\include\xml\define.hpp : warning C4819: 该文件包含不能在当前代码页(936)中表示的字符。请将该文件保存为 Unicode 格式以防止数据丢失
     1>e:\fyreactor\include\define.hpp : warning C4819: 该文件包含不能在当前代码页(936)中表示的字符。请将该文件保存为 Unicode 格式以防止数据丢失
         xml_declaration.cpp
     1>e:\fyreactor\include\xml\define.hpp : warning C4819: 该文件包含不能在当前代码页(936)中表示的字符。请将该文件保存为 Unicode 格式以防止数据丢失
     1>e:\fyreactor\include\define.hpp : warning C4819: 该文件包含不能在当前代码页(936)中表示的字符。请将该文件保存为 Unicode 格式以防止数据丢失
         xml_comment.cpp
     1>e:\fyreactor\include\xml\define.hpp : warning C4819: 该文件包含不能在当前代码页(936)中表示的字符。请将该文件保存为 Unicode 格式以防止数据丢失
     1>e:\fyreactor\include\define.hpp : warning C4819: 该文件包含不能在当前代码页(936)中表示的字符。请将该文件保存为 Unicode 格式以防止数据丢失
         xml_attribute.cpp
     1>e:\fyreactor\include\xml\define.hpp : warning C4819: 该文件包含不能在当前代码页(936)中表示的字符。请将该文件保存为 Unicode 格式以防止数据丢失
     1>e:\fyreactor\include\define.hpp : warning C4819: 该文件包含不能在当前代码页(936)中表示的字符。请将该文件保存为 Unicode 格式以防止数据丢失
         xml.cpp
     1>e:\fyreactor\include\xml\define.hpp : warning C4819: 该文件包含不能在当前代码页(936)中表示的字符。请将该文件保存为 Unicode 格式以防止数据丢失
     1>e:\fyreactor\include\define.hpp : warning C4819: 该文件包含不能在当前代码页(936)中表示的字符。请将该文件保存为 Unicode 格式以防止数据丢失
         timer.cpp
     1>e:\fyreactor\include\define.hpp : warning C4819: 该文件包含不能在当前代码页(936)中表示的字符。请将该文件保存为 Unicode 格式以防止数据丢失
         logger.cpp
     1>e:\fyreactor\include\define.hpp : warning C4819: 该文件包含不能在当前代码页(936)中表示的字符。请将该文件保存为 Unicode 格式以防止数据丢失
         buffer.cpp
     1>e:\fyreactor\include\define.hpp : warning C4819: 该文件包含不能在当前代码页(936)中表示的字符。请将该文件保存为 Unicode 格式以防止数据丢失
     1>e:\fyreactor\src\util\buffer.cpp(69): warning C4244: “初始化”: 从“double”转换到“uint32_t”，可能丢失数据
         tcpserver.cpp
     1>e:\fyreactor\include\define.hpp : warning C4819: 该文件包含不能在当前代码页(936)中表示的字符。请将该文件保存为 Unicode 格式以防止数据丢失
         tcpclient.cpp
     1>e:\fyreactor\include\define.hpp : warning C4819: 该文件包含不能在当前代码页(936)中表示的字符。请将该文件保存为 Unicode 格式以防止数据丢失
         reactor_epoll.cpp
     1>e:\fyreactor\include\define.hpp : warning C4819: 该文件包含不能在当前代码页(936)中表示的字符。请将该文件保存为 Unicode 格式以防止数据丢失
         reactorgroup.cpp
     1>e:\fyreactor\include\define.hpp : warning C4819: 该文件包含不能在当前代码页(936)中表示的字符。请将该文件保存为 Unicode 格式以防止数据丢失
         正在生成代码...
       Lib:
         C:\Program Files (x86)\Microsoft Visual Studio 12.0\VC\bin\Lib.exe /OUT:"E:\fyreactor\vsbuild\fyreactor\Debug\fyreactor.lib" /NOLOGO Debug\reactorgroup.obj
         Debug\reactor_epoll.obj
         Debug\tcpclient.obj
         Debug\tcpserver.obj
         Debug\buffer.obj
         Debug\logger.obj
         Debug\timer.obj
         Debug\xml.obj
         Debug\xml_attribute.obj
         Debug\xml_comment.obj
         Debug\xml_declaration.obj
         Debug\xml_document.obj
         Debug\xml_element.obj
         Debug\xml_node.obj
         Debug\xml_printer.obj
         Debug\xml_text.obj
         Debug\xml_unknown.obj
         Debug\xml_util.obj
     1>reactor_epoll.obj : warning LNK4221: 此对象文件未定义任何之前未定义的公共符号，因此任何耗用此库的链接操作都不会使用此文件
         fyreactor.vcxproj -> E:\fyreactor\vsbuild\fyreactor\Debug\fyreactor.lib
     1>已完成生成项目“E:\fyreactor\vsbuild\fyreactor\fyreactor\fyreactor.vcxproj”(Build 个目标)的操作。

生成成功。

已用时间 00:00:10.94
